# JRE version: OpenJDK Runtime Environment (8.0_242-b01) (build 1.8.0_242-release-1644-b01)
# Java VM: OpenJDK 64-Bit Server VM (25.242-b01 mixed mode windows-amd64 compressed oops)
Heap:
 PSYoungGen      total 200192K, used 64185K [0x00000000d5580000, 0x00000000e2e00000, 0x0000000100000000)
  eden space 179712K, 25% used [0x00000000d5580000,0x00000000d817bc60,0x00000000e0500000)
  from space 20480K, 93% used [0x00000000e1900000,0x00000000e2bb2b78,0x00000000e2d00000)
  to   space 20480K, 0% used [0x00000000e0500000,0x00000000e0500000,0x00000000e1900000)
 ParOldGen       total 120320K, used 100295K [0x0000000080000000, 0x0000000087580000, 0x00000000d5580000)
  object space 120320K, 83% used [0x0000000080000000,0x00000000861f1cb0,0x0000000087580000)
 Metaspace       used 97110K, capacity 102032K, committed 103128K, reserved 1138688K
  class space    used 12584K, capacity 13485K, committed 13824K, reserved 1048576K
GC Heap History (10 events):
Event: 8503.064 GC heap before
{Heap before GC invocations=67 (full 6):
 PSYoungGen      total 172544K, used 154313K [0x00000000d5580000, 0x00000000e1600000, 0x0000000100000000)
  eden space 151040K, 100% used [0x00000000d5580000,0x00000000de900000,0x00000000de900000)
  from space 21504K, 15% used [0x00000000e0100000,0x00000000e0432480,0x00000000e1600000)
  to   space 23040K, 0% used [0x00000000de900000,0x00000000de900000,0x00000000dff80000)
 ParOldGen       total 120320K, used 95684K [0x0000000080000000, 0x0000000087580000, 0x00000000d5580000)
  object space 120320K, 79% used [0x0000000080000000,0x0000000085d71040,0x0000000087580000)
 Metaspace       used 96761K, capacity 101670K, committed 102872K, reserved 1138688K
  class space    used 12574K, capacity 13444K, committed 13824K, reserved 1048576K
Event: 8503.088 GC heap after
Heap after GC invocations=67 (full 6):
 PSYoungGen      total 174080K, used 2527K [0x00000000d5580000, 0x00000000e2380000, 0x0000000100000000)
  eden space 151040K, 0% used [0x00000000d5580000,0x00000000d5580000,0x00000000de900000)
  from space 23040K, 10% used [0x00000000de900000,0x00000000deb77f20,0x00000000dff80000)
  to   space 22528K, 0% used [0x00000000e0d80000,0x00000000e0d80000,0x00000000e2380000)
 ParOldGen       total 120320K, used 98266K [0x0000000080000000, 0x0000000087580000, 0x00000000d5580000)
  object space 120320K, 81% used [0x0000000080000000,0x0000000085ff6978,0x0000000087580000)
 Metaspace       used 96761K, capacity 101670K, committed 102872K, reserved 1138688K
  class space    used 12574K, capacity 13444K, committed 13824K, reserved 1048576K
}
Event: 8504.673 GC heap before
{Heap before GC invocations=68 (full 6):
 PSYoungGen      total 174080K, used 153567K [0x00000000d5580000, 0x00000000e2380000, 0x0000000100000000)
  eden space 151040K, 100% used [0x00000000d5580000,0x00000000de900000,0x00000000de900000)
  from space 23040K, 10% used [0x00000000de900000,0x00000000deb77f20,0x00000000dff80000)
  to   space 22528K, 0% used [0x00000000e0d80000,0x00000000e0d80000,0x00000000e2380000)
 ParOldGen       total 120320K, used 98266K [0x0000000080000000, 0x0000000087580000, 0x00000000d5580000)
  object space 120320K, 81% used [0x0000000080000000,0x0000000085ff6978,0x0000000087580000)
 Metaspace       used 96836K, capacity 101750K, committed 102872K, reserved 1138688K
  class space    used 12579K, capacity 13446K, committed 13824K, reserved 1048576K
Event: 8504.706 GC heap after
Heap after GC invocations=68 (full 6):
 PSYoungGen      total 185344K, used 4095K [0x00000000d5580000, 0x00000000e2100000, 0x0000000100000000)
  eden space 165376K, 0% used [0x00000000d5580000,0x00000000d5580000,0x00000000df700000)
  from space 19968K, 20% used [0x00000000e0d80000,0x00000000e117fc50,0x00000000e2100000)
  to   space 21504K, 0% used [0x00000000df700000,0x00000000df700000,0x00000000e0c00000)
 ParOldGen       total 120320K, used 100287K [0x0000000080000000, 0x0000000087580000, 0x00000000d5580000)
  object space 120320K, 83% used [0x0000000080000000,0x00000000861efcb0,0x0000000087580000)
 Metaspace       used 96836K, capacity 101750K, committed 102872K, reserved 1138688K
  class space    used 12579K, capacity 13446K, committed 13824K, reserved 1048576K
}
Event: 8506.753 GC heap before
{Heap before GC invocations=69 (full 6):
 PSYoungGen      total 185344K, used 169471K [0x00000000d5580000, 0x00000000e2100000, 0x0000000100000000)
  eden space 165376K, 100% used [0x00000000d5580000,0x00000000df700000,0x00000000df700000)
  from space 19968K, 20% used [0x00000000e0d80000,0x00000000e117fc50,0x00000000e2100000)
  to   space 21504K, 0% used [0x00000000df700000,0x00000000df700000,0x00000000e0c00000)
 ParOldGen       total 120320K, used 100287K [0x0000000080000000, 0x0000000087580000, 0x00000000d5580000)
  object space 120320K, 83% used [0x0000000080000000,0x00000000861efcb0,0x0000000087580000)
 Metaspace       used 96908K, capacity 101770K, committed 102872K, reserved 1138688K
  class space    used 12580K, capacity 13448K, committed 13824K, reserved 1048576K
Event: 8506.790 GC heap after
Heap after GC invocations=69 (full 6):
 PSYoungGen      total 186880K, used 6291K [0x00000000d5580000, 0x00000000e2d00000, 0x0000000100000000)
  eden space 165376K, 0% used [0x00000000d5580000,0x00000000d5580000,0x00000000df700000)
  from space 21504K, 29% used [0x00000000df700000,0x00000000dfd24c60,0x00000000e0c00000)
  to   space 20480K, 0% used [0x00000000e1900000,0x00000000e1900000,0x00000000e2d00000)
 ParOldGen       total 120320K, used 100287K [0x0000000080000000, 0x0000000087580000, 0x00000000d5580000)
  object space 120320K, 83% used [0x0000000080000000,0x00000000861efcb0,0x0000000087580000)
 Metaspace       used 96908K, capacity 101770K, committed 102872K, reserved 1138688K
  class space    used 12580K, capacity 13448K, committed 13824K, reserved 1048576K
}
Event: 8508.305 GC heap before
{Heap before GC invocations=70 (full 6):
 PSYoungGen      total 186880K, used 171667K [0x00000000d5580000, 0x00000000e2d00000, 0x0000000100000000)
  eden space 165376K, 100% used [0x00000000d5580000,0x00000000df700000,0x00000000df700000)
  from space 21504K, 29% used [0x00000000df700000,0x00000000dfd24c60,0x00000000e0c00000)
  to   space 20480K, 0% used [0x00000000e1900000,0x00000000e1900000,0x00000000e2d00000)
 ParOldGen       total 120320K, used 100287K [0x0000000080000000, 0x0000000087580000, 0x00000000d5580000)
  object space 120320K, 83% used [0x0000000080000000,0x00000000861efcb0,0x0000000087580000)
 Metaspace       used 96922K, capacity 101844K, committed 102872K, reserved 1138688K
  class space    used 12581K, capacity 13449K, committed 13824K, reserved 1048576K
Event: 8508.370 GC heap after
Heap after GC invocations=70 (full 6):
 PSYoungGen      total 200192K, used 11537K [0x00000000d5580000, 0x00000000e2e00000, 0x0000000100000000)
  eden space 179712K, 0% used [0x00000000d5580000,0x00000000d5580000,0x00000000e0500000)
  from space 20480K, 56% used [0x00000000e1900000,0x00000000e2444650,0x00000000e2d00000)
  to   space 20480K, 0% used [0x00000000e0500000,0x00000000e0500000,0x00000000e1900000)
 ParOldGen       total 120320K, used 100295K [0x0000000080000000, 0x0000000087580000, 0x00000000d5580000)
  object space 120320K, 83% used [0x0000000080000000,0x00000000861f1cb0,0x0000000087580000)
 Metaspace       used 96922K, capacity 101844K, committed 102872K, reserved 1138688K
  class space    used 12581K, capacity 13449K, committed 13824K, reserved 1048576K
}
Event: 8510.079 GC heap before
{Heap before GC invocations=71 (full 6):
 PSYoungGen      total 200192K, used 191249K [0x00000000d5580000, 0x00000000e2e00000, 0x0000000100000000)
  eden space 179712K, 100% used [0x00000000d5580000,0x00000000e0500000,0x00000000e0500000)
  from space 20480K, 56% used [0x00000000e1900000,0x00000000e2444650,0x00000000e2d00000)
  to   space 20480K, 0% used [0x00000000e0500000,0x00000000e0500000,0x00000000e1900000)
 ParOldGen       total 120320K, used 100295K [0x0000000080000000, 0x0000000087580000, 0x00000000d5580000)
  object space 120320K, 83% used [0x0000000080000000,0x00000000861f1cb0,0x0000000087580000)
 Metaspace       used 96961K, capacity 101848K, committed 102872K, reserved 1138688K
  class space    used 12581K, capacity 13449K, committed 13824K, reserved 1048576K
Event: 8510.125 GC heap after
Heap after GC invocations=71 (full 6):
 PSYoungGen      total 200192K, used 13851K [0x00000000d5580000, 0x00000000e2e00000, 0x0000000100000000)
  eden space 179712K, 0% used [0x00000000d5580000,0x00000000d5580000,0x00000000e0500000)
  from space 20480K, 67% used [0x00000000e0500000,0x00000000e1286e80,0x00000000e1900000)
  to   space 20480K, 0% used [0x00000000e1900000,0x00000000e1900000,0x00000000e2d00000)
 ParOldGen       total 120320K, used 100295K [0x0000000080000000, 0x0000000087580000, 0x00000000d5580000)
  object space 120320K, 83% used [0x0000000080000000,0x00000000861f1cb0,0x0000000087580000)
 Metaspace       used 96961K, capacity 101848K, committed 102872K, reserved 1138688K
  class space    used 12581K, capacity 13449K, committed 13824K, reserved 1048576K
}

